<?xml version="1.0" encoding="UTF-8"?>
<!-- Generated by org.testng.reporters.JUnitReportReporter -->
<testsuite hostname="X7021404" failures="0" tests="1" name="ReceipeExtract.Scrapper" time="1510.628" errors="0" timestamp="11 Feb 2022 22:27:47 GMT" skipped="0">
  <testcase classname="ReceipeExtract.Scrapper" name="f" time="1510.628"/>
</testsuite> <!-- ReceipeExtract.Scrapper -->
