<?xml version="1.0" encoding="UTF-8"?>
<!-- Generated by org.testng.reporters.JUnitReportReporter -->
<testsuite hostname="X7021404" failures="0" tests="1" name="com.scrapper.qa.test.CuisineRecipes" time="1319.950" errors="0" timestamp="2022-02-14T23:32:28 EST" skipped="0">
  <testcase classname="com.scrapper.qa.test.CuisineRecipes" name="ScrapeQuickReceipes" time="1319.950"/>
  <system-out>
    <![CDATA[Navigation through the receipe links under a particular category is unsuccessful as the link is not found]]>
  </system-out>
</testsuite> <!-- com.scrapper.qa.test.CuisineRecipes -->
